<?xml version="1.0" encoding="UTF-8"?>
<testsuite xmlns:xsi="http://www.w3.org/2001/XMLSchema-instance" xsi:noNamespaceSchemaLocation="https://maven.apache.org/surefire/maven-surefire-plugin/xsd/surefire-test-report.xsd" version="3.0.2" name="com.nu.bscs.a.AApplicationTests" time="13.32" tests="1" errors="0" skipped="0" failures="0" flakes="0">
  <properties>
[...]
</properties>
  <testcase name="contextLoads" classname="com.nu.bscs.a.AApplicationTests" time="1.436">
    <system-out><![CDATA[14:45:50.587 [main] INFO org.springframework.test.context.support.AnnotationConfigContextLoaderUtils -- Could not detect default configuration classes for test class [com.nu.bscs.a.AApplicationTests]: AApplicationTests does not declare any static, non-private, non-final, nested classes annotated with @Configuration.
14:45:50.768 [main] INFO org.springframework.boot.test.context.SpringBootTestContextBootstrapper -- Found @SpringBootConfiguration com.nu.bscs.a.AApplication for test class com.nu.bscs.a.AApplicationTests
14:45:50.956 [main] INFO org.springframework.test.context.support.AnnotationConfigContextLoaderUtils -- Could not detect default configuration classes for test class [com.nu.bscs.a.AApplicationTests]: AApplicationTests does not declare any static, non-private, non-final, nested classes annotated with @Configuration.
14:45:50.958 [main] INFO org.springframework.boot.test.context.SpringBootTestContextBootstrapper -- Found @SpringBootConfiguration com.nu.bscs.a.AApplication for test class com.nu.bscs.a.AApplicationTests
14:45:51.158 [main] INFO org.springframework.boot.devtools.restart.RestartApplicationListener -- Restart disabled due to context in which it is running

  .   ____          _            __ _ _
 /\\ / ___'_ __ _ _(_)_ __  __ _ \ \ \ \
( ( )\___ | '_ | '_| | '_ \/ _` | \ \ \ \
 \\/  ___)| |_)| | | | | || (_| |  ) ) ) )
  '  |____| .__|_| |_|_| |_\__, | / / / /
 =========|_|==============|___/=/_/_/_/

 :: Spring Boot ::                (v4.0.6)

2026-05-09T14:45:51.720+08:00  INFO 24504 --- [a] [           main] com.nu.bscs.a.AApplicationTests          : Starting AApplicationTests using Java 17.0.15 with PID 24504 (started by Ellen Domenden in C:\Users\Ellen Domenden\OneDrive\Desktop\javai\oop_fullstack_lab\Javier\Backend)
2026-05-09T14:45:51.725+08:00  INFO 24504 --- [a] [           main] com.nu.bscs.a.AApplicationTests          : No active profile set, falling back to 1 default profile: "default"
2026-05-09T14:45:54.298+08:00  INFO 24504 --- [a] [           main] .s.d.r.c.RepositoryConfigurationDelegate : Bootstrapping Spring Data JPA repositories in DEFAULT mode.
2026-05-09T14:45:54.383+08:00  INFO 24504 --- [a] [           main] .s.d.r.c.RepositoryConfigurationDelegate : Finished Spring Data repository scanning in 42 ms. Found 0 JPA repository interfaces.
2026-05-09T14:45:56.045+08:00  INFO 24504 --- [a] [           main] com.zaxxer.hikari.HikariDataSource       : HikariPool-1 - Starting...
2026-05-09T14:45:56.557+08:00  INFO 24504 --- [a] [           main] com.zaxxer.hikari.pool.HikariPool        : HikariPool-1 - Added connection conn0: url=jdbc:h2:mem:6af1cb44-cc14-40d2-a3aa-085a9c7c375b user=SA
2026-05-09T14:45:56.565+08:00  INFO 24504 --- [a] [           main] com.zaxxer.hikari.HikariDataSource       : HikariPool-1 - Start completed.
2026-05-09T14:45:56.691+08:00  INFO 24504 --- [a] [           main] org.hibernate.orm.jpa                    : HHH008540: Processing PersistenceUnitInfo [name: default]
2026-05-09T14:45:56.875+08:00  INFO 24504 --- [a] [           main] org.hibernate.orm.core                   : HHH000001: Hibernate ORM core version 7.2.12.Final
2026-05-09T14:45:58.577+08:00  INFO 24504 --- [a] [           main] o.s.o.j.p.SpringPersistenceUnitInfo      : No LoadTimeWeaver setup: ignoring JPA class transformer
2026-05-09T14:45:58.734+08:00  INFO 24504 --- [a] [           main] org.hibernate.orm.connections.pooling    : HHH10001005: Database info:
	Database JDBC URL [jdbc:h2:mem:6af1cb44-cc14-40d2-a3aa-085a9c7c375b]
	Database driver: H2 JDBC Driver
	Database dialect: H2Dialect
	Database version: 2.4.240
	Default catalog/schema: 6AF1CB44-CC14-40D2-A3AA-085A9C7C375B/PUBLIC
	Autocommit mode: undefined/unknown
	Isolation level: READ_COMMITTED [default READ_COMMITTED]
	JDBC fetch size: 100
	Pool: DataSourceConnectionProvider
	Minimum pool size: undefined/unknown
	Maximum pool size: undefined/unknown
2026-05-09T14:45:59.503+08:00  INFO 24504 --- [a] [           main] org.hibernate.orm.core                   : HHH000489: No JTA platform available (set 'hibernate.transaction.jta.platform' to enable JTA platform integration)
2026-05-09T14:45:59.519+08:00  INFO 24504 --- [a] [           main] j.LocalContainerEntityManagerFactoryBean : Initialized JPA EntityManagerFactory for persistence unit 'default'
2026-05-09T14:45:59.996+08:00  WARN 24504 --- [a] [           main] JpaBaseConfiguration$JpaWebConfiguration : spring.jpa.open-in-view is enabled by default. Therefore, database queries may be performed during view rendering. Explicitly configure spring.jpa.open-in-view to disable this warning
2026-05-09T14:46:01.762+08:00  INFO 24504 --- [a] [           main] com.nu.bscs.a.AApplicationTests          : Started AApplicationTests in 10.619 seconds (process running for 13.494)
2026-05-09T14:46:01.776+08:00  WARN 24504 --- [a] [           main] o.s.core.events.SpringDocAppInitializer  : SpringDoc /v3/api-docs endpoint is enabled by default. To disable it in production, set the property 'springdoc.api-docs.enabled=false'
2026-05-09T14:46:01.779+08:00  WARN 24504 --- [a] [           main] o.s.core.events.SpringDocAppInitializer  : SpringDoc /swagger-ui.html endpoint is enabled by default. To disable it in production, set the property 'springdoc.swagger-ui.enabled=false'
]]></system-out>
  </testcase>
</testsuite>